INFO: checking out_of_order...
INFO:     out_of_order check complete (0.000905 sec).
INFO: checking system...
INFO:     system check complete (0.000035 sec).
INFO: checking solvers...
INFO:     solvers check complete (0.000252 sec).
INFO: checking dup_inputs...
INFO:     dup_inputs check complete (0.000056 sec).
INFO: checking missing_recorders...
INFO:     missing_recorders check complete (0.000005 sec).
INFO: checking unserializable_options...
INFO:     unserializable_options check complete (0.000214 sec).
INFO: checking comp_has_no_outputs...
INFO:     comp_has_no_outputs check complete (0.000051 sec).
INFO: checking auto_ivc_warnings...
INFO:     auto_ivc_warnings check complete (0.000006 sec).
INFO: checking out_of_order...
INFO:     out_of_order check complete (0.000147 sec).
INFO: checking system...
INFO:     system check complete (0.000011 sec).
INFO: checking solvers...
INFO:     solvers check complete (0.000119 sec).
INFO: checking dup_inputs...
INFO:     dup_inputs check complete (0.000029 sec).
INFO: checking missing_recorders...
INFO:     missing_recorders check complete (0.000002 sec).
INFO: checking unserializable_options...
INFO:     unserializable_options check complete (0.000116 sec).
INFO: checking comp_has_no_outputs...
INFO:     comp_has_no_outputs check complete (0.000026 sec).
INFO: checking auto_ivc_warnings...
INFO:     auto_ivc_warnings check complete (0.000002 sec).
INFO: checking out_of_order...
INFO:     out_of_order check complete (0.000200 sec).
INFO: checking system...
INFO:     system check complete (0.000014 sec).
INFO: checking solvers...
INFO:     solvers check complete (0.000182 sec).
INFO: checking dup_inputs...
INFO:     dup_inputs check complete (0.000025 sec).
INFO: checking missing_recorders...
INFO:     missing_recorders check complete (0.000003 sec).
INFO: checking unserializable_options...
INFO:     unserializable_options check complete (0.000119 sec).
INFO: checking comp_has_no_outputs...
INFO:     comp_has_no_outputs check complete (0.000027 sec).
INFO: checking auto_ivc_warnings...
INFO:     auto_ivc_warnings check complete (0.000002 sec).
INFO: checking out_of_order...
INFO:     out_of_order check complete (0.000125 sec).
INFO: checking system...
INFO:     system check complete (0.000010 sec).
INFO: checking solvers...
INFO:     solvers check complete (0.000099 sec).
INFO: checking dup_inputs...
INFO:     dup_inputs check complete (0.000026 sec).
INFO: checking missing_recorders...
INFO:     missing_recorders check complete (0.000003 sec).
INFO: checking unserializable_options...
INFO:     unserializable_options check complete (0.000107 sec).
INFO: checking comp_has_no_outputs...
INFO:     comp_has_no_outputs check complete (0.000024 sec).
INFO: checking auto_ivc_warnings...
INFO:     auto_ivc_warnings check complete (0.000002 sec).
INFO: checking out_of_order...
INFO:     out_of_order check complete (0.000181 sec).
INFO: checking system...
INFO:     system check complete (0.000017 sec).
INFO: checking solvers...
INFO:     solvers check complete (0.000131 sec).
INFO: checking dup_inputs...
INFO:     dup_inputs check complete (0.000027 sec).
INFO: checking missing_recorders...
INFO:     missing_recorders check complete (0.000003 sec).
INFO: checking unserializable_options...
INFO:     unserializable_options check complete (0.000123 sec).
INFO: checking comp_has_no_outputs...
INFO:     comp_has_no_outputs check complete (0.000026 sec).
INFO: checking auto_ivc_warnings...
INFO:     auto_ivc_warnings check complete (0.000002 sec).
INFO: checking out_of_order...
INFO:     out_of_order check complete (0.000270 sec).
INFO: checking system...
INFO:     system check complete (0.000012 sec).
INFO: checking solvers...
INFO:     solvers check complete (0.000102 sec).
INFO: checking dup_inputs...
INFO:     dup_inputs check complete (0.000026 sec).
INFO: checking missing_recorders...
INFO:     missing_recorders check complete (0.000002 sec).
INFO: checking unserializable_options...
INFO:     unserializable_options check complete (0.000111 sec).
INFO: checking comp_has_no_outputs...
INFO:     comp_has_no_outputs check complete (0.000024 sec).
INFO: checking auto_ivc_warnings...
INFO:     auto_ivc_warnings check complete (0.000002 sec).
INFO: checking out_of_order...
INFO:     out_of_order check complete (0.000317 sec).
INFO: checking system...
INFO:     system check complete (0.000014 sec).
INFO: checking solvers...
INFO:     solvers check complete (0.000137 sec).
INFO: checking dup_inputs...
INFO:     dup_inputs check complete (0.000026 sec).
INFO: checking missing_recorders...
INFO:     missing_recorders check complete (0.000003 sec).
INFO: checking unserializable_options...
INFO:     unserializable_options check complete (0.000121 sec).
INFO: checking comp_has_no_outputs...
INFO:     comp_has_no_outputs check complete (0.000025 sec).
INFO: checking auto_ivc_warnings...
INFO:     auto_ivc_warnings check complete (0.000002 sec).
INFO: checking out_of_order...
INFO:     out_of_order check complete (0.000121 sec).
INFO: checking system...
INFO:     system check complete (0.000010 sec).
INFO: checking solvers...
INFO:     solvers check complete (0.000098 sec).
INFO: checking dup_inputs...
INFO:     dup_inputs check complete (0.000025 sec).
INFO: checking missing_recorders...
INFO:     missing_recorders check complete (0.000004 sec).
INFO: checking unserializable_options...
INFO:     unserializable_options check complete (0.000106 sec).
INFO: checking comp_has_no_outputs...
INFO:     comp_has_no_outputs check complete (0.000023 sec).
INFO: checking auto_ivc_warnings...
INFO:     auto_ivc_warnings check complete (0.000003 sec).
INFO: checking out_of_order...
INFO:     out_of_order check complete (0.000496 sec).
INFO: checking system...
INFO:     system check complete (0.000054 sec).
INFO: checking solvers...
INFO:     solvers check complete (0.000365 sec).
INFO: checking dup_inputs...
INFO:     dup_inputs check complete (0.000111 sec).
INFO: checking missing_recorders...
INFO:     missing_recorders check complete (0.000008 sec).
INFO: checking unserializable_options...
INFO:     unserializable_options check complete (0.000319 sec).
INFO: checking comp_has_no_outputs...
INFO:     comp_has_no_outputs check complete (0.000075 sec).
INFO: checking auto_ivc_warnings...
INFO:     auto_ivc_warnings check complete (0.000006 sec).
INFO: checking out_of_order...
INFO:     out_of_order check complete (0.000484 sec).
INFO: checking system...
INFO:     system check complete (0.000043 sec).
INFO: checking solvers...
INFO:     solvers check complete (0.000435 sec).
INFO: checking dup_inputs...
INFO:     dup_inputs check complete (0.000075 sec).
INFO: checking missing_recorders...
INFO:     missing_recorders check complete (0.000006 sec).
INFO: checking unserializable_options...
INFO:     unserializable_options check complete (0.000316 sec).
INFO: checking comp_has_no_outputs...
INFO:     comp_has_no_outputs check complete (0.000055 sec).
INFO: checking auto_ivc_warnings...
INFO:     auto_ivc_warnings check complete (0.000003 sec).
INFO: checking out_of_order...
INFO:     out_of_order check complete (0.000201 sec).
INFO: checking system...
INFO:     system check complete (0.000013 sec).
INFO: checking solvers...
INFO:     solvers check complete (0.000126 sec).
INFO: checking dup_inputs...
INFO:     dup_inputs check complete (0.000026 sec).
INFO: checking missing_recorders...
INFO:     missing_recorders check complete (0.000003 sec).
INFO: checking unserializable_options...
INFO:     unserializable_options check complete (0.000122 sec).
INFO: checking comp_has_no_outputs...
INFO:     comp_has_no_outputs check complete (0.000027 sec).
INFO: checking auto_ivc_warnings...
INFO:     auto_ivc_warnings check complete (0.000002 sec).
INFO: checking out_of_order...
INFO:     out_of_order check complete (0.000123 sec).
INFO: checking system...
INFO:     system check complete (0.000011 sec).
INFO: checking solvers...
INFO:     solvers check complete (0.000099 sec).
INFO: checking dup_inputs...
INFO:     dup_inputs check complete (0.000029 sec).
INFO: checking missing_recorders...
INFO:     missing_recorders check complete (0.000002 sec).
INFO: checking unserializable_options...
INFO:     unserializable_options check complete (0.000125 sec).
INFO: checking comp_has_no_outputs...
INFO:     comp_has_no_outputs check complete (0.000029 sec).
INFO: checking auto_ivc_warnings...
INFO:     auto_ivc_warnings check complete (0.000002 sec).
INFO: checking out_of_order...
INFO:     out_of_order check complete (0.000212 sec).
INFO: checking system...
INFO:     system check complete (0.000014 sec).
INFO: checking solvers...
INFO:     solvers check complete (0.000138 sec).
INFO: checking dup_inputs...
INFO:     dup_inputs check complete (0.000029 sec).
INFO: checking missing_recorders...
INFO:     missing_recorders check complete (0.000003 sec).
INFO: checking unserializable_options...
INFO:     unserializable_options check complete (0.000184 sec).
INFO: checking comp_has_no_outputs...
INFO:     comp_has_no_outputs check complete (0.000032 sec).
INFO: checking auto_ivc_warnings...
INFO:     auto_ivc_warnings check complete (0.000002 sec).
INFO: checking out_of_order...
INFO:     out_of_order check complete (0.000168 sec).
INFO: checking system...
INFO:     system check complete (0.000014 sec).
INFO: checking solvers...
INFO:     solvers check complete (0.000127 sec).
INFO: checking dup_inputs...
INFO:     dup_inputs check complete (0.000028 sec).
INFO: checking missing_recorders...
INFO:     missing_recorders check complete (0.000004 sec).
INFO: checking unserializable_options...
INFO:     unserializable_options check complete (0.000131 sec).
INFO: checking comp_has_no_outputs...
INFO:     comp_has_no_outputs check complete (0.000031 sec).
INFO: checking auto_ivc_warnings...
INFO:     auto_ivc_warnings check complete (0.000003 sec).
INFO: checking out_of_order...
INFO:     out_of_order check complete (0.000339 sec).
INFO: checking system...
INFO:     system check complete (0.000015 sec).
INFO: checking solvers...
INFO:     solvers check complete (0.000196 sec).
INFO: checking dup_inputs...
INFO:     dup_inputs check complete (0.000058 sec).
INFO: checking missing_recorders...
INFO:     missing_recorders check complete (0.000007 sec).
INFO: checking unserializable_options...
INFO:     unserializable_options check complete (0.000160 sec).
INFO: checking comp_has_no_outputs...
INFO:     comp_has_no_outputs check complete (0.000035 sec).
INFO: checking auto_ivc_warnings...
INFO:     auto_ivc_warnings check complete (0.000006 sec).
INFO: checking out_of_order...
INFO:     out_of_order check complete (0.000144 sec).
INFO: checking system...
INFO:     system check complete (0.000012 sec).
INFO: checking solvers...
INFO:     solvers check complete (0.000130 sec).
INFO: checking dup_inputs...
INFO:     dup_inputs check complete (0.000028 sec).
INFO: checking missing_recorders...
INFO:     missing_recorders check complete (0.000005 sec).
INFO: checking unserializable_options...
INFO:     unserializable_options check complete (0.000133 sec).
INFO: checking comp_has_no_outputs...
INFO:     comp_has_no_outputs check complete (0.000063 sec).
INFO: checking auto_ivc_warnings...
INFO:     auto_ivc_warnings check complete (0.000003 sec).
INFO: checking out_of_order...
INFO:     out_of_order check complete (0.000217 sec).
INFO: checking system...
INFO:     system check complete (0.000014 sec).
INFO: checking solvers...
INFO:     solvers check complete (0.000126 sec).
INFO: checking dup_inputs...
INFO:     dup_inputs check complete (0.000030 sec).
INFO: checking missing_recorders...
INFO:     missing_recorders check complete (0.000005 sec).
INFO: checking unserializable_options...
INFO:     unserializable_options check complete (0.000150 sec).
INFO: checking comp_has_no_outputs...
INFO:     comp_has_no_outputs check complete (0.000050 sec).
INFO: checking auto_ivc_warnings...
INFO:     auto_ivc_warnings check complete (0.000002 sec).
INFO: checking out_of_order...
INFO:     out_of_order check complete (0.000131 sec).
INFO: checking system...
INFO:     system check complete (0.000015 sec).
INFO: checking solvers...
INFO:     solvers check complete (0.000132 sec).
INFO: checking dup_inputs...
INFO:     dup_inputs check complete (0.000074 sec).
INFO: checking missing_recorders...
INFO:     missing_recorders check complete (0.000007 sec).
INFO: checking unserializable_options...
INFO:     unserializable_options check complete (0.000157 sec).
INFO: checking comp_has_no_outputs...
INFO:     comp_has_no_outputs check complete (0.000034 sec).
INFO: checking auto_ivc_warnings...
INFO:     auto_ivc_warnings check complete (0.000003 sec).
INFO: checking out_of_order...
INFO:     out_of_order check complete (0.000259 sec).
INFO: checking system...
INFO:     system check complete (0.000013 sec).
INFO: checking solvers...
INFO:     solvers check complete (0.000130 sec).
INFO: checking dup_inputs...
INFO:     dup_inputs check complete (0.000030 sec).
INFO: checking missing_recorders...
INFO:     missing_recorders check complete (0.000004 sec).
INFO: checking unserializable_options...
INFO:     unserializable_options check complete (0.000132 sec).
INFO: checking comp_has_no_outputs...
INFO:     comp_has_no_outputs check complete (0.000029 sec).
INFO: checking auto_ivc_warnings...
INFO:     auto_ivc_warnings check complete (0.000002 sec).
INFO: checking out_of_order...
INFO:     out_of_order check complete (0.000130 sec).
INFO: checking system...
INFO:     system check complete (0.000013 sec).
INFO: checking solvers...
INFO:     solvers check complete (0.000128 sec).
INFO: checking dup_inputs...
INFO:     dup_inputs check complete (0.000040 sec).
INFO: checking missing_recorders...
INFO:     missing_recorders check complete (0.000003 sec).
INFO: checking unserializable_options...
INFO:     unserializable_options check complete (0.000126 sec).
INFO: checking comp_has_no_outputs...
INFO:     comp_has_no_outputs check complete (0.000028 sec).
INFO: checking auto_ivc_warnings...
INFO:     auto_ivc_warnings check complete (0.000003 sec).
INFO: checking out_of_order...
INFO:     out_of_order check complete (0.000261 sec).
INFO: checking system...
INFO:     system check complete (0.000018 sec).
INFO: checking solvers...
INFO:     solvers check complete (0.000143 sec).
INFO: checking dup_inputs...
INFO:     dup_inputs check complete (0.000028 sec).
INFO: checking missing_recorders...
INFO:     missing_recorders check complete (0.000004 sec).
INFO: checking unserializable_options...
INFO:     unserializable_options check complete (0.000129 sec).
INFO: checking comp_has_no_outputs...
INFO:     comp_has_no_outputs check complete (0.000036 sec).
INFO: checking auto_ivc_warnings...
INFO:     auto_ivc_warnings check complete (0.000002 sec).
INFO: checking out_of_order...
INFO:     out_of_order check complete (0.000134 sec).
INFO: checking system...
INFO:     system check complete (0.000015 sec).
INFO: checking solvers...
INFO:     solvers check complete (0.000128 sec).
INFO: checking dup_inputs...
INFO:     dup_inputs check complete (0.000030 sec).
INFO: checking missing_recorders...
INFO:     missing_recorders check complete (0.000007 sec).
INFO: checking unserializable_options...
INFO:     unserializable_options check complete (0.000192 sec).
INFO: checking comp_has_no_outputs...
INFO:     comp_has_no_outputs check complete (0.000032 sec).
INFO: checking auto_ivc_warnings...
INFO:     auto_ivc_warnings check complete (0.000002 sec).
INFO: checking out_of_order...
INFO:     out_of_order check complete (0.000247 sec).
INFO: checking system...
INFO:     system check complete (0.000013 sec).
INFO: checking solvers...
INFO:     solvers check complete (0.000122 sec).
INFO: checking dup_inputs...
INFO:     dup_inputs check complete (0.000026 sec).
INFO: checking missing_recorders...
INFO:     missing_recorders check complete (0.000002 sec).
INFO: checking unserializable_options...
INFO:     unserializable_options check complete (0.000116 sec).
INFO: checking comp_has_no_outputs...
INFO:     comp_has_no_outputs check complete (0.000026 sec).
INFO: checking auto_ivc_warnings...
INFO:     auto_ivc_warnings check complete (0.000001 sec).
INFO: checking out_of_order...
INFO:     out_of_order check complete (0.000200 sec).
INFO: checking system...
INFO:     system check complete (0.000016 sec).
INFO: checking solvers...
INFO:     solvers check complete (0.000171 sec).
INFO: checking dup_inputs...
INFO:     dup_inputs check complete (0.000049 sec).
INFO: checking missing_recorders...
INFO:     missing_recorders check complete (0.000004 sec).
INFO: checking unserializable_options...
INFO:     unserializable_options check complete (0.000136 sec).
INFO: checking comp_has_no_outputs...
INFO:     comp_has_no_outputs check complete (0.000032 sec).
INFO: checking auto_ivc_warnings...
INFO:     auto_ivc_warnings check complete (0.000002 sec).
INFO: checking out_of_order...
INFO:     out_of_order check complete (0.000164 sec).
INFO: checking system...
INFO:     system check complete (0.000017 sec).
INFO: checking solvers...
INFO:     solvers check complete (0.000133 sec).
INFO: checking dup_inputs...
INFO:     dup_inputs check complete (0.000028 sec).
INFO: checking missing_recorders...
INFO:     missing_recorders check complete (0.000003 sec).
INFO: checking unserializable_options...
INFO:     unserializable_options check complete (0.000141 sec).
INFO: checking comp_has_no_outputs...
INFO:     comp_has_no_outputs check complete (0.000028 sec).
INFO: checking auto_ivc_warnings...
INFO:     auto_ivc_warnings check complete (0.000002 sec).
INFO: checking out_of_order...
INFO:     out_of_order check complete (0.000128 sec).
INFO: checking system...
INFO:     system check complete (0.000012 sec).
INFO: checking solvers...
INFO:     solvers check complete (0.000108 sec).
INFO: checking dup_inputs...
INFO:     dup_inputs check complete (0.000040 sec).
INFO: checking missing_recorders...
INFO:     missing_recorders check complete (0.000003 sec).
INFO: checking unserializable_options...
INFO:     unserializable_options check complete (0.000122 sec).
INFO: checking comp_has_no_outputs...
INFO:     comp_has_no_outputs check complete (0.000026 sec).
INFO: checking auto_ivc_warnings...
INFO:     auto_ivc_warnings check complete (0.000002 sec).
INFO: checking out_of_order...
INFO:     out_of_order check complete (0.000237 sec).
INFO: checking system...
INFO:     system check complete (0.000017 sec).
INFO: checking solvers...
INFO:     solvers check complete (0.000182 sec).
INFO: checking dup_inputs...
INFO:     dup_inputs check complete (0.000041 sec).
INFO: checking missing_recorders...
INFO:     missing_recorders check complete (0.000003 sec).
INFO: checking unserializable_options...
INFO:     unserializable_options check complete (0.000180 sec).
INFO: checking comp_has_no_outputs...
INFO:     comp_has_no_outputs check complete (0.000027 sec).
INFO: checking auto_ivc_warnings...
INFO:     auto_ivc_warnings check complete (0.000002 sec).
INFO: checking out_of_order...
INFO:     out_of_order check complete (0.000137 sec).
INFO: checking system...
INFO:     system check complete (0.000016 sec).
INFO: checking solvers...
INFO:     solvers check complete (0.000129 sec).
INFO: checking dup_inputs...
INFO:     dup_inputs check complete (0.000027 sec).
INFO: checking missing_recorders...
INFO:     missing_recorders check complete (0.000003 sec).
INFO: checking unserializable_options...
INFO:     unserializable_options check complete (0.000270 sec).
INFO: checking comp_has_no_outputs...
INFO:     comp_has_no_outputs check complete (0.000027 sec).
INFO: checking auto_ivc_warnings...
INFO:     auto_ivc_warnings check complete (0.000002 sec).
INFO: checking out_of_order...
INFO:     out_of_order check complete (0.000206 sec).
INFO: checking system...
INFO:     system check complete (0.000015 sec).
INFO: checking solvers...
INFO:     solvers check complete (0.000134 sec).
INFO: checking dup_inputs...
INFO:     dup_inputs check complete (0.000027 sec).
INFO: checking missing_recorders...
INFO:     missing_recorders check complete (0.000005 sec).
INFO: checking unserializable_options...
INFO:     unserializable_options check complete (0.000134 sec).
INFO: checking comp_has_no_outputs...
INFO:     comp_has_no_outputs check complete (0.000053 sec).
INFO: checking auto_ivc_warnings...
INFO:     auto_ivc_warnings check complete (0.000003 sec).
INFO: checking out_of_order...
INFO:     out_of_order check complete (0.000193 sec).
INFO: checking system...
INFO:     system check complete (0.000014 sec).
INFO: checking solvers...
INFO:     solvers check complete (0.000122 sec).
INFO: checking dup_inputs...
INFO:     dup_inputs check complete (0.000032 sec).
INFO: checking missing_recorders...
INFO:     missing_recorders check complete (0.000004 sec).
INFO: checking unserializable_options...
INFO:     unserializable_options check complete (0.000201 sec).
INFO: checking comp_has_no_outputs...
INFO:     comp_has_no_outputs check complete (0.000045 sec).
INFO: checking auto_ivc_warnings...
INFO:     auto_ivc_warnings check complete (0.000003 sec).
INFO: checking out_of_order...
INFO:     out_of_order check complete (0.000249 sec).
INFO: checking system...
INFO:     system check complete (0.000020 sec).
INFO: checking solvers...
INFO:     solvers check complete (0.000180 sec).
INFO: checking dup_inputs...
INFO:     dup_inputs check complete (0.000039 sec).
INFO: checking missing_recorders...
INFO:     missing_recorders check complete (0.000003 sec).
INFO: checking unserializable_options...
INFO:     unserializable_options check complete (0.000177 sec).
INFO: checking comp_has_no_outputs...
INFO:     comp_has_no_outputs check complete (0.000027 sec).
INFO: checking auto_ivc_warnings...
INFO:     auto_ivc_warnings check complete (0.000003 sec).
INFO: checking out_of_order...
INFO:     out_of_order check complete (0.000133 sec).
INFO: checking system...
INFO:     system check complete (0.000016 sec).
INFO: checking solvers...
INFO:     solvers check complete (0.000123 sec).
INFO: checking dup_inputs...
INFO:     dup_inputs check complete (0.000027 sec).
INFO: checking missing_recorders...
INFO:     missing_recorders check complete (0.000003 sec).
INFO: checking unserializable_options...
INFO:     unserializable_options check complete (0.000171 sec).
INFO: checking comp_has_no_outputs...
INFO:     comp_has_no_outputs check complete (0.000036 sec).
INFO: checking auto_ivc_warnings...
INFO:     auto_ivc_warnings check complete (0.000003 sec).
INFO: checking out_of_order...
INFO:     out_of_order check complete (0.000172 sec).
INFO: checking system...
INFO:     system check complete (0.000016 sec).
INFO: checking solvers...
INFO:     solvers check complete (0.000157 sec).
INFO: checking dup_inputs...
INFO:     dup_inputs check complete (0.000045 sec).
INFO: checking missing_recorders...
INFO:     missing_recorders check complete (0.000003 sec).
INFO: checking unserializable_options...
INFO:     unserializable_options check complete (0.000138 sec).
INFO: checking comp_has_no_outputs...
INFO:     comp_has_no_outputs check complete (0.000034 sec).
INFO: checking auto_ivc_warnings...
INFO:     auto_ivc_warnings check complete (0.000003 sec).
INFO: checking out_of_order...
INFO:     out_of_order check complete (0.000154 sec).
INFO: checking system...
INFO:     system check complete (0.000015 sec).
INFO: checking solvers...
INFO:     solvers check complete (0.000138 sec).
INFO: checking dup_inputs...
INFO:     dup_inputs check complete (0.000027 sec).
INFO: checking missing_recorders...
INFO:     missing_recorders check complete (0.000002 sec).
INFO: checking unserializable_options...
INFO:     unserializable_options check complete (0.000115 sec).
INFO: checking comp_has_no_outputs...
INFO:     comp_has_no_outputs check complete (0.000026 sec).
INFO: checking auto_ivc_warnings...
INFO:     auto_ivc_warnings check complete (0.000002 sec).
INFO: checking out_of_order...
INFO:     out_of_order check complete (0.000163 sec).
INFO: checking system...
INFO:     system check complete (0.000013 sec).
INFO: checking solvers...
INFO:     solvers check complete (0.000117 sec).
INFO: checking dup_inputs...
INFO:     dup_inputs check complete (0.000028 sec).
INFO: checking missing_recorders...
INFO:     missing_recorders check complete (0.000003 sec).
INFO: checking unserializable_options...
INFO:     unserializable_options check complete (0.000118 sec).
INFO: checking comp_has_no_outputs...
INFO:     comp_has_no_outputs check complete (0.000029 sec).
INFO: checking auto_ivc_warnings...
INFO:     auto_ivc_warnings check complete (0.000003 sec).
INFO: checking out_of_order...
INFO:     out_of_order check complete (0.000128 sec).
INFO: checking system...
INFO:     system check complete (0.000010 sec).
INFO: checking solvers...
INFO:     solvers check complete (0.000112 sec).
INFO: checking dup_inputs...
INFO:     dup_inputs check complete (0.000027 sec).
INFO: checking missing_recorders...
INFO:     missing_recorders check complete (0.000002 sec).
INFO: checking unserializable_options...
INFO:     unserializable_options check complete (0.000114 sec).
INFO: checking comp_has_no_outputs...
INFO:     comp_has_no_outputs check complete (0.000026 sec).
INFO: checking auto_ivc_warnings...
INFO:     auto_ivc_warnings check complete (0.000002 sec).
INFO: checking out_of_order...
INFO:     out_of_order check complete (0.000260 sec).
INFO: checking system...
INFO:     system check complete (0.000014 sec).
INFO: checking solvers...
INFO:     solvers check complete (0.000189 sec).
INFO: checking dup_inputs...
INFO:     dup_inputs check complete (0.000040 sec).
INFO: checking missing_recorders...
INFO:     missing_recorders check complete (0.000003 sec).
INFO: checking unserializable_options...
INFO:     unserializable_options check complete (0.000131 sec).
INFO: checking comp_has_no_outputs...
INFO:     comp_has_no_outputs check complete (0.000043 sec).
INFO: checking auto_ivc_warnings...
INFO:     auto_ivc_warnings check complete (0.000003 sec).
INFO: checking out_of_order...
INFO:     out_of_order check complete (0.000147 sec).
INFO: checking system...
INFO:     system check complete (0.000009 sec).
INFO: checking solvers...
INFO:     solvers check complete (0.000122 sec).
INFO: checking dup_inputs...
INFO:     dup_inputs check complete (0.000036 sec).
INFO: checking missing_recorders...
INFO:     missing_recorders check complete (0.000003 sec).
INFO: checking unserializable_options...
INFO:     unserializable_options check complete (0.000189 sec).
INFO: checking comp_has_no_outputs...
INFO:     comp_has_no_outputs check complete (0.000035 sec).
INFO: checking auto_ivc_warnings...
INFO:     auto_ivc_warnings check complete (0.000003 sec).
INFO: checking out_of_order...
INFO:     out_of_order check complete (0.000237 sec).
INFO: checking system...
INFO:     system check complete (0.000019 sec).
INFO: checking solvers...
INFO:     solvers check complete (0.000166 sec).
INFO: checking dup_inputs...
INFO:     dup_inputs check complete (0.000037 sec).
INFO: checking missing_recorders...
INFO:     missing_recorders check complete (0.000004 sec).
INFO: checking unserializable_options...
INFO:     unserializable_options check complete (0.000171 sec).
INFO: checking comp_has_no_outputs...
INFO:     comp_has_no_outputs check complete (0.000034 sec).
INFO: checking auto_ivc_warnings...
INFO:     auto_ivc_warnings check complete (0.000002 sec).
INFO: checking out_of_order...
INFO:     out_of_order check complete (0.000156 sec).
INFO: checking system...
INFO:     system check complete (0.000012 sec).
INFO: checking solvers...
INFO:     solvers check complete (0.000107 sec).
INFO: checking dup_inputs...
INFO:     dup_inputs check complete (0.000029 sec).
INFO: checking missing_recorders...
INFO:     missing_recorders check complete (0.000002 sec).
INFO: checking unserializable_options...
INFO:     unserializable_options check complete (0.000122 sec).
INFO: checking comp_has_no_outputs...
INFO:     comp_has_no_outputs check complete (0.000035 sec).
INFO: checking auto_ivc_warnings...
INFO:     auto_ivc_warnings check complete (0.000002 sec).
INFO: checking out_of_order...
INFO:     out_of_order check complete (0.000175 sec).
INFO: checking system...
INFO:     system check complete (0.000017 sec).
INFO: checking solvers...
INFO:     solvers check complete (0.000140 sec).
INFO: checking dup_inputs...
INFO:     dup_inputs check complete (0.000029 sec).
INFO: checking missing_recorders...
INFO:     missing_recorders check complete (0.000003 sec).
INFO: checking unserializable_options...
INFO:     unserializable_options check complete (0.000122 sec).
INFO: checking comp_has_no_outputs...
INFO:     comp_has_no_outputs check complete (0.000032 sec).
INFO: checking auto_ivc_warnings...
INFO:     auto_ivc_warnings check complete (0.000003 sec).
INFO: checking out_of_order...
INFO:     out_of_order check complete (0.000130 sec).
INFO: checking system...
INFO:     system check complete (0.000014 sec).
INFO: checking solvers...
INFO:     solvers check complete (0.000110 sec).
INFO: checking dup_inputs...
INFO:     dup_inputs check complete (0.000028 sec).
INFO: checking missing_recorders...
INFO:     missing_recorders check complete (0.000002 sec).
INFO: checking unserializable_options...
INFO:     unserializable_options check complete (0.000113 sec).
INFO: checking comp_has_no_outputs...
INFO:     comp_has_no_outputs check complete (0.000024 sec).
INFO: checking auto_ivc_warnings...
INFO:     auto_ivc_warnings check complete (0.000002 sec).
INFO: checking out_of_order...
INFO:     out_of_order check complete (0.000249 sec).
INFO: checking system...
INFO:     system check complete (0.000026 sec).
INFO: checking solvers...
INFO:     solvers check complete (0.000186 sec).
INFO: checking dup_inputs...
INFO:     dup_inputs check complete (0.000028 sec).
INFO: checking missing_recorders...
INFO:     missing_recorders check complete (0.000006 sec).
INFO: checking unserializable_options...
INFO:     unserializable_options check complete (0.000186 sec).
INFO: checking comp_has_no_outputs...
INFO:     comp_has_no_outputs check complete (0.000041 sec).
INFO: checking auto_ivc_warnings...
INFO:     auto_ivc_warnings check complete (0.000003 sec).
INFO: checking out_of_order...
INFO:     out_of_order check complete (0.000147 sec).
INFO: checking system...
INFO:     system check complete (0.000026 sec).
INFO: checking solvers...
INFO:     solvers check complete (0.000119 sec).
INFO: checking dup_inputs...
INFO:     dup_inputs check complete (0.000030 sec).
INFO: checking missing_recorders...
INFO:     missing_recorders check complete (0.000004 sec).
INFO: checking unserializable_options...
INFO:     unserializable_options check complete (0.000140 sec).
INFO: checking comp_has_no_outputs...
INFO:     comp_has_no_outputs check complete (0.000030 sec).
INFO: checking auto_ivc_warnings...
INFO:     auto_ivc_warnings check complete (0.000002 sec).
INFO: checking out_of_order...
INFO:     out_of_order check complete (0.000185 sec).
INFO: checking system...
INFO:     system check complete (0.000026 sec).
INFO: checking solvers...
INFO:     solvers check complete (0.000211 sec).
INFO: checking dup_inputs...
INFO:     dup_inputs check complete (0.000028 sec).
INFO: checking missing_recorders...
INFO:     missing_recorders check complete (0.000004 sec).
INFO: checking unserializable_options...
INFO:     unserializable_options check complete (0.000146 sec).
INFO: checking comp_has_no_outputs...
INFO:     comp_has_no_outputs check complete (0.000041 sec).
INFO: checking auto_ivc_warnings...
INFO:     auto_ivc_warnings check complete (0.000003 sec).
INFO: checking out_of_order...
INFO:     out_of_order check complete (0.000135 sec).
INFO: checking system...
INFO:     system check complete (0.000018 sec).
INFO: checking solvers...
INFO:     solvers check complete (0.000170 sec).
INFO: checking dup_inputs...
INFO:     dup_inputs check complete (0.000029 sec).
INFO: checking missing_recorders...
INFO:     missing_recorders check complete (0.000004 sec).
INFO: checking unserializable_options...
INFO:     unserializable_options check complete (0.000181 sec).
INFO: checking comp_has_no_outputs...
INFO:     comp_has_no_outputs check complete (0.000040 sec).
INFO: checking auto_ivc_warnings...
INFO:     auto_ivc_warnings check complete (0.000004 sec).
INFO: checking out_of_order...
INFO:     out_of_order check complete (0.000249 sec).
INFO: checking system...
INFO:     system check complete (0.000018 sec).
INFO: checking solvers...
INFO:     solvers check complete (0.000147 sec).
INFO: checking dup_inputs...
INFO:     dup_inputs check complete (0.000039 sec).
INFO: checking missing_recorders...
INFO:     missing_recorders check complete (0.000003 sec).
INFO: checking unserializable_options...
INFO:     unserializable_options check complete (0.000177 sec).
INFO: checking comp_has_no_outputs...
INFO:     comp_has_no_outputs check complete (0.000039 sec).
INFO: checking auto_ivc_warnings...
INFO:     auto_ivc_warnings check complete (0.000002 sec).
INFO: checking out_of_order...
INFO:     out_of_order check complete (0.000129 sec).
INFO: checking system...
INFO:     system check complete (0.000012 sec).
INFO: checking solvers...
INFO:     solvers check complete (0.000103 sec).
INFO: checking dup_inputs...
INFO:     dup_inputs check complete (0.000026 sec).
INFO: checking missing_recorders...
INFO:     missing_recorders check complete (0.000003 sec).
INFO: checking unserializable_options...
INFO:     unserializable_options check complete (0.000111 sec).
INFO: checking comp_has_no_outputs...
INFO:     comp_has_no_outputs check complete (0.000024 sec).
INFO: checking auto_ivc_warnings...
INFO:     auto_ivc_warnings check complete (0.000002 sec).
INFO: checking out_of_order...
INFO:     out_of_order check complete (0.000180 sec).
INFO: checking system...
INFO:     system check complete (0.000047 sec).
INFO: checking solvers...
INFO:     solvers check complete (0.000173 sec).
INFO: checking dup_inputs...
INFO:     dup_inputs check complete (0.000040 sec).
INFO: checking missing_recorders...
INFO:     missing_recorders check complete (0.000003 sec).
INFO: checking unserializable_options...
INFO:     unserializable_options check complete (0.000177 sec).
INFO: checking comp_has_no_outputs...
INFO:     comp_has_no_outputs check complete (0.000034 sec).
INFO: checking auto_ivc_warnings...
INFO:     auto_ivc_warnings check complete (0.000002 sec).
INFO: checking out_of_order...
INFO:     out_of_order check complete (0.000148 sec).
INFO: checking system...
INFO:     system check complete (0.000019 sec).
INFO: checking solvers...
INFO:     solvers check complete (0.000157 sec).
INFO: checking dup_inputs...
INFO:     dup_inputs check complete (0.000033 sec).
INFO: checking missing_recorders...
INFO:     missing_recorders check complete (0.000004 sec).
INFO: checking unserializable_options...
INFO:     unserializable_options check complete (0.000152 sec).
INFO: checking comp_has_no_outputs...
INFO:     comp_has_no_outputs check complete (0.000027 sec).
INFO: checking auto_ivc_warnings...
INFO:     auto_ivc_warnings check complete (0.000003 sec).
INFO: checking out_of_order...
INFO:     out_of_order check complete (0.000182 sec).
INFO: checking system...
INFO:     system check complete (0.000020 sec).
INFO: checking solvers...
INFO:     solvers check complete (0.000174 sec).
INFO: checking dup_inputs...
INFO:     dup_inputs check complete (0.000027 sec).
INFO: checking missing_recorders...
INFO:     missing_recorders check complete (0.000003 sec).
INFO: checking unserializable_options...
INFO:     unserializable_options check complete (0.000176 sec).
INFO: checking comp_has_no_outputs...
INFO:     comp_has_no_outputs check complete (0.000036 sec).
INFO: checking auto_ivc_warnings...
INFO:     auto_ivc_warnings check complete (0.000003 sec).
INFO: checking out_of_order...
INFO:     out_of_order check complete (0.000127 sec).
INFO: checking system...
INFO:     system check complete (0.000013 sec).
INFO: checking solvers...
INFO:     solvers check complete (0.000107 sec).
INFO: checking dup_inputs...
INFO:     dup_inputs check complete (0.000026 sec).
INFO: checking missing_recorders...
INFO:     missing_recorders check complete (0.000003 sec).
INFO: checking unserializable_options...
INFO:     unserializable_options check complete (0.000115 sec).
INFO: checking comp_has_no_outputs...
INFO:     comp_has_no_outputs check complete (0.000026 sec).
INFO: checking auto_ivc_warnings...
INFO:     auto_ivc_warnings check complete (0.000002 sec).
INFO: checking out_of_order...
INFO:     out_of_order check complete (0.000214 sec).
INFO: checking system...
INFO:     system check complete (0.000026 sec).
INFO: checking solvers...
INFO:     solvers check complete (0.000219 sec).
INFO: checking dup_inputs...
INFO:     dup_inputs check complete (0.000040 sec).
INFO: checking missing_recorders...
INFO:     missing_recorders check complete (0.000004 sec).
INFO: checking unserializable_options...
INFO:     unserializable_options check complete (0.000213 sec).
INFO: checking comp_has_no_outputs...
INFO:     comp_has_no_outputs check complete (0.000031 sec).
INFO: checking auto_ivc_warnings...
INFO:     auto_ivc_warnings check complete (0.000002 sec).
INFO: checking out_of_order...
INFO:     out_of_order check complete (0.000193 sec).
INFO: checking system...
INFO:     system check complete (0.000013 sec).
INFO: checking solvers...
INFO:     solvers check complete (0.000163 sec).
INFO: checking dup_inputs...
INFO:     dup_inputs check complete (0.000029 sec).
INFO: checking missing_recorders...
INFO:     missing_recorders check complete (0.000004 sec).
INFO: checking unserializable_options...
INFO:     unserializable_options check complete (0.000187 sec).
INFO: checking comp_has_no_outputs...
INFO:     comp_has_no_outputs check complete (0.000031 sec).
INFO: checking auto_ivc_warnings...
INFO:     auto_ivc_warnings check complete (0.000002 sec).
INFO: checking out_of_order...
INFO:     out_of_order check complete (0.000180 sec).
INFO: checking system...
INFO:     system check complete (0.000017 sec).
INFO: checking solvers...
INFO:     solvers check complete (0.000175 sec).
INFO: checking dup_inputs...
INFO:     dup_inputs check complete (0.000036 sec).
INFO: checking missing_recorders...
INFO:     missing_recorders check complete (0.000003 sec).
INFO: checking unserializable_options...
INFO:     unserializable_options check complete (0.000184 sec).
INFO: checking comp_has_no_outputs...
INFO:     comp_has_no_outputs check complete (0.000040 sec).
INFO: checking auto_ivc_warnings...
INFO:     auto_ivc_warnings check complete (0.000003 sec).
INFO: checking out_of_order...
INFO:     out_of_order check complete (0.000189 sec).
INFO: checking system...
INFO:     system check complete (0.000016 sec).
INFO: checking solvers...
INFO:     solvers check complete (0.000120 sec).
INFO: checking dup_inputs...
INFO:     dup_inputs check complete (0.000028 sec).
INFO: checking missing_recorders...
INFO:     missing_recorders check complete (0.000003 sec).
INFO: checking unserializable_options...
INFO:     unserializable_options check complete (0.000126 sec).
INFO: checking comp_has_no_outputs...
INFO:     comp_has_no_outputs check complete (0.000027 sec).
INFO: checking auto_ivc_warnings...
INFO:     auto_ivc_warnings check complete (0.000003 sec).
INFO: checking out_of_order...
INFO:     out_of_order check complete (0.000515 sec).
INFO: checking system...
INFO:     system check complete (0.000041 sec).
INFO: checking solvers...
INFO:     solvers check complete (0.000366 sec).
INFO: checking dup_inputs...
INFO:     dup_inputs check complete (0.000056 sec).
INFO: checking missing_recorders...
INFO:     missing_recorders check complete (0.000006 sec).
INFO: checking unserializable_options...
INFO:     unserializable_options check complete (0.000244 sec).
INFO: checking comp_has_no_outputs...
INFO:     comp_has_no_outputs check complete (0.000081 sec).
INFO: checking auto_ivc_warnings...
INFO:     auto_ivc_warnings check complete (0.000005 sec).
INFO: checking out_of_order...
INFO:     out_of_order check complete (0.000290 sec).
INFO: checking system...
INFO:     system check complete (0.000029 sec).
INFO: checking solvers...
INFO:     solvers check complete (0.000241 sec).
INFO: checking dup_inputs...
INFO:     dup_inputs check complete (0.000041 sec).
INFO: checking missing_recorders...
INFO:     missing_recorders check complete (0.000005 sec).
INFO: checking unserializable_options...
INFO:     unserializable_options check complete (0.000159 sec).
INFO: checking comp_has_no_outputs...
INFO:     comp_has_no_outputs check complete (0.000036 sec).
INFO: checking auto_ivc_warnings...
INFO:     auto_ivc_warnings check complete (0.000003 sec).
INFO: checking out_of_order...
INFO:     out_of_order check complete (0.000244 sec).
INFO: checking system...
INFO:     system check complete (0.000024 sec).
INFO: checking solvers...
INFO:     solvers check complete (0.000159 sec).
INFO: checking dup_inputs...
INFO:     dup_inputs check complete (0.000032 sec).
INFO: checking missing_recorders...
INFO:     missing_recorders check complete (0.000005 sec).
INFO: checking unserializable_options...
INFO:     unserializable_options check complete (0.000535 sec).
INFO: checking comp_has_no_outputs...
INFO:     comp_has_no_outputs check complete (0.000039 sec).
INFO: checking auto_ivc_warnings...
INFO:     auto_ivc_warnings check complete (0.000002 sec).
INFO: checking out_of_order...
INFO:     out_of_order check complete (0.000135 sec).
INFO: checking system...
INFO:     system check complete (0.000014 sec).
INFO: checking solvers...
INFO:     solvers check complete (0.000163 sec).
INFO: checking dup_inputs...
INFO:     dup_inputs check complete (0.000067 sec).
INFO: checking missing_recorders...
INFO:     missing_recorders check complete (0.000004 sec).
INFO: checking unserializable_options...
INFO:     unserializable_options check complete (0.000136 sec).
INFO: checking comp_has_no_outputs...
INFO:     comp_has_no_outputs check complete (0.000040 sec).
INFO: checking auto_ivc_warnings...
INFO:     auto_ivc_warnings check complete (0.000002 sec).
INFO: checking out_of_order...
INFO:     out_of_order check complete (0.000242 sec).
INFO: checking system...
INFO:     system check complete (0.000023 sec).
INFO: checking solvers...
INFO:     solvers check complete (0.000133 sec).
INFO: checking dup_inputs...
INFO:     dup_inputs check complete (0.000026 sec).
INFO: checking missing_recorders...
INFO:     missing_recorders check complete (0.000004 sec).
INFO: checking unserializable_options...
INFO:     unserializable_options check complete (0.000132 sec).
INFO: checking comp_has_no_outputs...
INFO:     comp_has_no_outputs check complete (0.000026 sec).
INFO: checking auto_ivc_warnings...
INFO:     auto_ivc_warnings check complete (0.000003 sec).
INFO: checking out_of_order...
INFO:     out_of_order check complete (0.000124 sec).
INFO: checking system...
INFO:     system check complete (0.000011 sec).
INFO: checking solvers...
INFO:     solvers check complete (0.000156 sec).
INFO: checking dup_inputs...
INFO:     dup_inputs check complete (0.000029 sec).
INFO: checking missing_recorders...
INFO:     missing_recorders check complete (0.000003 sec).
INFO: checking unserializable_options...
INFO:     unserializable_options check complete (0.000143 sec).
INFO: checking comp_has_no_outputs...
INFO:     comp_has_no_outputs check complete (0.000031 sec).
INFO: checking auto_ivc_warnings...
INFO:     auto_ivc_warnings check complete (0.000003 sec).
INFO: checking out_of_order...
INFO:     out_of_order check complete (0.000189 sec).
INFO: checking system...
INFO:     system check complete (0.000013 sec).
INFO: checking solvers...
INFO:     solvers check complete (0.000124 sec).
INFO: checking dup_inputs...
INFO:     dup_inputs check complete (0.000027 sec).
INFO: checking missing_recorders...
INFO:     missing_recorders check complete (0.000002 sec).
INFO: checking unserializable_options...
INFO:     unserializable_options check complete (0.000126 sec).
INFO: checking comp_has_no_outputs...
INFO:     comp_has_no_outputs check complete (0.000027 sec).
INFO: checking auto_ivc_warnings...
INFO:     auto_ivc_warnings check complete (0.000002 sec).
INFO: checking out_of_order...
INFO:     out_of_order check complete (0.000124 sec).
INFO: checking system...
INFO:     system check complete (0.000012 sec).
INFO: checking solvers...
INFO:     solvers check complete (0.000107 sec).
INFO: checking dup_inputs...
INFO:     dup_inputs check complete (0.000026 sec).
INFO: checking missing_recorders...
INFO:     missing_recorders check complete (0.000002 sec).
INFO: checking unserializable_options...
INFO:     unserializable_options check complete (0.000116 sec).
INFO: checking comp_has_no_outputs...
INFO:     comp_has_no_outputs check complete (0.000035 sec).
INFO: checking auto_ivc_warnings...
INFO:     auto_ivc_warnings check complete (0.000003 sec).
INFO: checking out_of_order...
INFO:     out_of_order check complete (0.000168 sec).
INFO: checking system...
INFO:     system check complete (0.000013 sec).
INFO: checking solvers...
INFO:     solvers check complete (0.000168 sec).
INFO: checking dup_inputs...
INFO:     dup_inputs check complete (0.000039 sec).
INFO: checking missing_recorders...
INFO:     missing_recorders check complete (0.000003 sec).
INFO: checking unserializable_options...
INFO:     unserializable_options check complete (0.000164 sec).
INFO: checking comp_has_no_outputs...
INFO:     comp_has_no_outputs check complete (0.000035 sec).
INFO: checking auto_ivc_warnings...
INFO:     auto_ivc_warnings check complete (0.000002 sec).
INFO: checking out_of_order...
INFO:     out_of_order check complete (0.000125 sec).
INFO: checking system...
INFO:     system check complete (0.000011 sec).
INFO: checking solvers...
INFO:     solvers check complete (0.000102 sec).
INFO: checking dup_inputs...
INFO:     dup_inputs check complete (0.000026 sec).
INFO: checking missing_recorders...
INFO:     missing_recorders check complete (0.000003 sec).
INFO: checking unserializable_options...
INFO:     unserializable_options check complete (0.000112 sec).
INFO: checking comp_has_no_outputs...
INFO:     comp_has_no_outputs check complete (0.000024 sec).
INFO: checking auto_ivc_warnings...
INFO:     auto_ivc_warnings check complete (0.000002 sec).
INFO: checking out_of_order...
INFO:     out_of_order check complete (0.000252 sec).
INFO: checking system...
INFO:     system check complete (0.000017 sec).
INFO: checking solvers...
INFO:     solvers check complete (0.000366 sec).
INFO: checking dup_inputs...
INFO:     dup_inputs check complete (0.000040 sec).
INFO: checking missing_recorders...
INFO:     missing_recorders check complete (0.000003 sec).
INFO: checking unserializable_options...
INFO:     unserializable_options check complete (0.000179 sec).
INFO: checking comp_has_no_outputs...
INFO:     comp_has_no_outputs check complete (0.000035 sec).
INFO: checking auto_ivc_warnings...
INFO:     auto_ivc_warnings check complete (0.000003 sec).
INFO: checking out_of_order...
INFO:     out_of_order check complete (0.000135 sec).
INFO: checking system...
INFO:     system check complete (0.000012 sec).
INFO: checking solvers...
INFO:     solvers check complete (0.000123 sec).
INFO: checking dup_inputs...
INFO:     dup_inputs check complete (0.000038 sec).
INFO: checking missing_recorders...
INFO:     missing_recorders check complete (0.000003 sec).
INFO: checking unserializable_options...
INFO:     unserializable_options check complete (0.000120 sec).
INFO: checking comp_has_no_outputs...
INFO:     comp_has_no_outputs check complete (0.000026 sec).
INFO: checking auto_ivc_warnings...
INFO:     auto_ivc_warnings check complete (0.000003 sec).
INFO: checking out_of_order...
INFO:     out_of_order check complete (0.000234 sec).
INFO: checking system...
INFO:     system check complete (0.000020 sec).
INFO: checking solvers...
INFO:     solvers check complete (0.000170 sec).
INFO: checking dup_inputs...
INFO:     dup_inputs check complete (0.000039 sec).
INFO: checking missing_recorders...
INFO:     missing_recorders check complete (0.000004 sec).
INFO: checking unserializable_options...
INFO:     unserializable_options check complete (0.000163 sec).
INFO: checking comp_has_no_outputs...
INFO:     comp_has_no_outputs check complete (0.000039 sec).
INFO: checking auto_ivc_warnings...
INFO:     auto_ivc_warnings check complete (0.000003 sec).
INFO: checking out_of_order...
INFO:     out_of_order check complete (0.000125 sec).
INFO: checking system...
INFO:     system check complete (0.000011 sec).
INFO: checking solvers...
INFO:     solvers check complete (0.000107 sec).
INFO: checking dup_inputs...
INFO:     dup_inputs check complete (0.000038 sec).
INFO: checking missing_recorders...
INFO:     missing_recorders check complete (0.000005 sec).
INFO: checking unserializable_options...
INFO:     unserializable_options check complete (0.000185 sec).
INFO: checking comp_has_no_outputs...
INFO:     comp_has_no_outputs check complete (0.000050 sec).
INFO: checking auto_ivc_warnings...
INFO:     auto_ivc_warnings check complete (0.000003 sec).
INFO: checking out_of_order...
INFO:     out_of_order check complete (0.000614 sec).
INFO: checking system...
INFO:     system check complete (0.000048 sec).
INFO: checking solvers...
INFO:     solvers check complete (0.000365 sec).
INFO: checking dup_inputs...
INFO:     dup_inputs check complete (0.000031 sec).
INFO: checking missing_recorders...
INFO:     missing_recorders check complete (0.000003 sec).
INFO: checking unserializable_options...
INFO:     unserializable_options check complete (0.000141 sec).
INFO: checking comp_has_no_outputs...
INFO:     comp_has_no_outputs check complete (0.000033 sec).
INFO: checking auto_ivc_warnings...
INFO:     auto_ivc_warnings check complete (0.000002 sec).
INFO: checking out_of_order...
INFO:     out_of_order check complete (0.000134 sec).
INFO: checking system...
INFO:     system check complete (0.000012 sec).
INFO: checking solvers...
INFO:     solvers check complete (0.000118 sec).
INFO: checking dup_inputs...
INFO:     dup_inputs check complete (0.000030 sec).
INFO: checking missing_recorders...
INFO:     missing_recorders check complete (0.000002 sec).
INFO: checking unserializable_options...
INFO:     unserializable_options check complete (0.000122 sec).
INFO: checking comp_has_no_outputs...
INFO:     comp_has_no_outputs check complete (0.000027 sec).
INFO: checking auto_ivc_warnings...
INFO:     auto_ivc_warnings check complete (0.000002 sec).
INFO: checking out_of_order...
INFO:     out_of_order check complete (0.000551 sec).
INFO: checking system...
INFO:     system check complete (0.000041 sec).
INFO: checking solvers...
INFO:     solvers check complete (0.000458 sec).
INFO: checking dup_inputs...
INFO:     dup_inputs check complete (0.000069 sec).
INFO: checking missing_recorders...
INFO:     missing_recorders check complete (0.000008 sec).
INFO: checking unserializable_options...
INFO:     unserializable_options check complete (0.000408 sec).
INFO: checking comp_has_no_outputs...
INFO:     comp_has_no_outputs check complete (0.000107 sec).
INFO: checking auto_ivc_warnings...
INFO:     auto_ivc_warnings check complete (0.000008 sec).
INFO: checking out_of_order...
INFO:     out_of_order check complete (0.000409 sec).
INFO: checking system...
INFO:     system check complete (0.000026 sec).
INFO: checking solvers...
INFO:     solvers check complete (0.000430 sec).
INFO: checking dup_inputs...
INFO:     dup_inputs check complete (0.000086 sec).
INFO: checking missing_recorders...
INFO:     missing_recorders check complete (0.000004 sec).
INFO: checking unserializable_options...
INFO:     unserializable_options check complete (0.000203 sec).
INFO: checking comp_has_no_outputs...
INFO:     comp_has_no_outputs check complete (0.000049 sec).
INFO: checking auto_ivc_warnings...
INFO:     auto_ivc_warnings check complete (0.000002 sec).
INFO: checking out_of_order...
INFO:     out_of_order check complete (0.000213 sec).
INFO: checking system...
INFO:     system check complete (0.000023 sec).
INFO: checking solvers...
INFO:     solvers check complete (0.000140 sec).
INFO: checking dup_inputs...
INFO:     dup_inputs check complete (0.000032 sec).
INFO: checking missing_recorders...
INFO:     missing_recorders check complete (0.000003 sec).
INFO: checking unserializable_options...
INFO:     unserializable_options check complete (0.000132 sec).
INFO: checking comp_has_no_outputs...
INFO:     comp_has_no_outputs check complete (0.000032 sec).
INFO: checking auto_ivc_warnings...
INFO:     auto_ivc_warnings check complete (0.000002 sec).
INFO: checking out_of_order...
INFO:     out_of_order check complete (0.000147 sec).
INFO: checking system...
INFO:     system check complete (0.000012 sec).
INFO: checking solvers...
INFO:     solvers check complete (0.000284 sec).
INFO: checking dup_inputs...
INFO:     dup_inputs check complete (0.000093 sec).
INFO: checking missing_recorders...
INFO:     missing_recorders check complete (0.000011 sec).
INFO: checking unserializable_options...
INFO:     unserializable_options check complete (0.000316 sec).
INFO: checking comp_has_no_outputs...
INFO:     comp_has_no_outputs check complete (0.000106 sec).
INFO: checking auto_ivc_warnings...
INFO:     auto_ivc_warnings check complete (0.000023 sec).
